[debug] [2021-03-03T01:40:52.316Z] ----------------------------------------------------------------------
[debug] [2021-03-03T01:40:52.319Z] Command:       C:\Program Files\nodejs\node.exe C:\Users\Harsha\AppData\Roaming\npm\node_modules\firebase-tools\lib\bin\firebase.js serve
[debug] [2021-03-03T01:40:52.319Z] CLI Version:   9.5.0
[debug] [2021-03-03T01:40:52.320Z] Platform:      win32
[debug] [2021-03-03T01:40:52.320Z] Node Version:  v14.15.5
[debug] [2021-03-03T01:40:52.321Z] Time:          Wed Mar 03 2021 12:40:52 GMT+1100 (Australian Eastern Daylight Time)
[debug] [2021-03-03T01:40:52.321Z] ----------------------------------------------------------------------
[debug] [2021-03-03T01:40:52.321Z] 
[debug] [2021-03-03T01:40:52.328Z] > command requires scopes: ["email","openid","https://www.googleapis.com/auth/cloudplatformprojects.readonly","https://www.googleapis.com/auth/firebase","https://www.googleapis.com/auth/cloud-platform"]
[debug] [2021-03-03T01:40:52.329Z] > authorizing via signed-in user
[debug] [2021-03-03T01:40:52.329Z] [iam] checking project biddomain-4d43d for permissions ["firebase.projects.get"]
[debug] [2021-03-03T01:40:52.331Z] >>> HTTP REQUEST POST https://cloudresourcemanager.googleapis.com/v1/projects/biddomain-4d43d:testIamPermissions  
 {"permissions":["firebase.projects.get"]}
[debug] [2021-03-03T01:40:52.816Z] <<< HTTP RESPONSE 200 {"content-type":"application/json; charset=UTF-8","vary":"X-Origin, Referer, Origin,Accept-Encoding","date":"Wed, 03 Mar 2021 01:40:51 GMT","server":"ESF","cache-control":"private","x-xss-protection":"0","x-frame-options":"SAMEORIGIN","x-content-type-options":"nosniff","server-timing":"gfet4t7; dur=193","alt-svc":"h3-29=\":443\"; ma=2592000,h3-T051=\":443\"; ma=2592000,h3-Q050=\":443\"; ma=2592000,h3-Q046=\":443\"; ma=2592000,h3-Q043=\":443\"; ma=2592000,quic=\":443\"; ma=2592000; v=\"46,43\"","accept-ranges":"none","transfer-encoding":"chunked"}
[debug] [2021-03-03T01:40:52.822Z] > refreshing access token with scopes: []
[debug] [2021-03-03T01:40:52.823Z] >>> HTTP REQUEST POST https://www.googleapis.com/oauth2/v3/token  
 <request body omitted>
[debug] [2021-03-03T01:40:53.132Z] <<< HTTP RESPONSE 200 {"date":"Wed, 03 Mar 2021 01:40:52 GMT","pragma":"no-cache","cache-control":"no-cache, no-store, max-age=0, must-revalidate","expires":"Mon, 01 Jan 1990 00:00:00 GMT","content-type":"application/json; charset=utf-8","vary":"X-Origin, Referer, Origin,Accept-Encoding","server":"scaffolding on HTTPServer2","x-xss-protection":"0","x-frame-options":"SAMEORIGIN","x-content-type-options":"nosniff","alt-svc":"h3-29=\":443\"; ma=2592000,h3-T051=\":443\"; ma=2592000,h3-Q050=\":443\"; ma=2592000,h3-Q046=\":443\"; ma=2592000,h3-Q043=\":443\"; ma=2592000,quic=\":443\"; ma=2592000; v=\"46,43\"","accept-ranges":"none","transfer-encoding":"chunked"}
[debug] [2021-03-03T01:40:53.151Z] >>> [apiv2][query] GET https://firebase.googleapis.com/v1beta1/projects/biddomain-4d43d [none]
[debug] [2021-03-03T01:40:53.681Z] <<< [apiv2][status] GET https://firebase.googleapis.com/v1beta1/projects/biddomain-4d43d 200
[debug] [2021-03-03T01:40:53.681Z] <<< [apiv2][body] GET https://firebase.googleapis.com/v1beta1/projects/biddomain-4d43d {"projectId":"biddomain-4d43d","projectNumber":"999883011276","displayName":"BidDomain","name":"projects/biddomain-4d43d","resources":{"hostingSite":"biddomain-4d43d","storageBucket":"biddomain-4d43d.appspot.com","locationId":"us-central"},"state":"ACTIVE"}
[info] 
[info] === Serving from 'C:\Users\Harsha\Desktop\Samsys Group\bidding-app'...
[info] 
[warn] !  Your requested "node" version "12" doesn't match your global version "14" {"metadata":{"emulator":{"name":"functions"},"message":"Your requested \"node\" version \"12\" doesn't match your global version \"14\""}}
[debug] [2021-03-03T01:40:53.695Z] defaultcredentials: writing to file C:\Users\Harsha\AppData\Roaming\firebase\nine24solutions_gmail_com_application_default_credentials.json
[debug] [2021-03-03T01:40:53.697Z] Setting GAC to C:\Users\Harsha\AppData\Roaming\firebase\nine24solutions_gmail_com_application_default_credentials.json {"metadata":{"emulator":{"name":"functions"},"message":"Setting GAC to C:\\Users\\Harsha\\AppData\\Roaming\\firebase\\nine24solutions_gmail_com_application_default_credentials.json"}}
[debug] [2021-03-03T01:40:53.697Z] >>> [apiv2][query] GET https://firebase.googleapis.com/v1beta1/projects/biddomain-4d43d/adminSdkConfig [none]
